<?xml version="1.0" encoding="UTF-8"?>
<testng-results skipped="0" failed="0" ignored="0" total="3" passed="3">
  <reporter-output>
  </reporter-output>
  <suite name="Default suite" duration-ms="37973" started-at="2022-09-08T12:59:52 IST" finished-at="2022-09-08T13:00:30 IST">
    <groups>
    </groups>
    <test name="Default test" duration-ms="37973" started-at="2022-09-08T12:59:52 IST" finished-at="2022-09-08T13:00:30 IST">
      <class name="Day1.First">
        <test-method status="PASS" signature="beforeTest()[pri:0, instance:Day1.First@6dde5c8c]" name="beforeTest" is-config="true" duration-ms="27917" started-at="2022-09-08T12:59:52 IST" finished-at="2022-09-08T13:00:20 IST">
          <reporter-output>
          </reporter-output>
        </test-method> <!-- beforeTest -->
        <test-method status="PASS" signature="f(java.lang.String,java.lang.String)[pri:0, instance:Day1.First@6dde5c8c]" name="f" duration-ms="2547" started-at="2022-09-08T13:00:20 IST" data-provider="dp" finished-at="2022-09-08T13:00:23 IST">
          <params>
            <param index="0">
              <value>
                <![CDATA[Omkar]]>
              </value>
            </param>
            <param index="1">
              <value>
                <![CDATA[Omkar123]]>
              </value>
            </param>
          </params>
          <reporter-output>
          </reporter-output>
        </test-method> <!-- f -->
        <test-method status="PASS" signature="f(java.lang.String,java.lang.String)[pri:0, instance:Day1.First@6dde5c8c]" name="f" duration-ms="420" started-at="2022-09-08T13:00:23 IST" data-provider="dp" finished-at="2022-09-08T13:00:23 IST">
          <params>
            <param index="0">
              <value>
                <![CDATA[Ram]]>
              </value>
            </param>
            <param index="1">
              <value>
                <![CDATA[Ram123]]>
              </value>
            </param>
          </params>
          <reporter-output>
          </reporter-output>
        </test-method> <!-- f -->
        <test-method status="PASS" signature="f(java.lang.String,java.lang.String)[pri:0, instance:Day1.First@6dde5c8c]" name="f" duration-ms="565" started-at="2022-09-08T13:00:23 IST" data-provider="dp" finished-at="2022-09-08T13:00:24 IST">
          <params>
            <param index="0">
              <value>
                <![CDATA[Demon]]>
              </value>
            </param>
            <param index="1">
              <value>
                <![CDATA[Demon123]]>
              </value>
            </param>
          </params>
          <reporter-output>
          </reporter-output>
        </test-method> <!-- f -->
        <test-method status="PASS" signature="afterTest()[pri:0, instance:Day1.First@6dde5c8c]" name="afterTest" is-config="true" duration-ms="6094" started-at="2022-09-08T13:00:24 IST" finished-at="2022-09-08T13:00:30 IST">
          <reporter-output>
          </reporter-output>
        </test-method> <!-- afterTest -->
      </class> <!-- Day1.First -->
    </test> <!-- Default test -->
  </suite> <!-- Default suite -->
</testng-results>
